-------------------------------------------------------------------------------
Test set: Login with Valid Credentials
-------------------------------------------------------------------------------
Tests run: 1, Failures: 1, Errors: 0, Skipped: 0, Time elapsed: 39.726 s <<< FAILURE! - in Login with Valid Credentials
Successful Login with Valid Credentials(Login with Valid Credentials)  Time elapsed: 39.726 s  <<< FAILURE!
java.lang.AssertionError: expected:<false> but was:<true>

