<?xml version="1.0" encoding="UTF-8"?>
<testsuite xmlns:xsi="http://www.w3.org/2001/XMLSchema-instance" xsi:noNamespaceSchemaLocation="https://maven.apache.org/surefire/maven-surefire-plugin/xsd/surefire-test-report.xsd" name="com.radical3d.testRunner.TestRunner" time="22.641" tests="1" errors="1" skipped="0" failures="0">
  <properties>
[...]
</properties>
  <testcase name="Successful login" classname="User login" time="19.434">
    <error message="no such element: Unable to locate element: {&quot;method&quot;:&quot;xpath&quot;,&quot;selector&quot;:&quot;//*[@id=&quot;main&quot;]/div/div/div/div/div[2]/div[1]/h2&quot;}&#10;  (Session info: MicrosoftEdge=124.0.2478.97)&#10;For documentation on this error, please visit: https://www.selenium.dev/documentation/webdriver/troubleshooting/errors#no-such-element-exception&#10;Build info: version: &apos;4.20.0&apos;, revision: &apos;866c76ca80&apos;&#10;System info: os.name: &apos;Windows 11&apos;, os.arch: &apos;amd64&apos;, os.version: &apos;10.0&apos;, java.version: &apos;11.0.22&apos;&#10;Driver info: org.openqa.selenium.edge.EdgeDriver&#10;Command: [b830a51cebe968452cbb76b074451ef5, findElement {value=//*[@id=&quot;main&quot;]/div/div/div/div/div[2]/div[1]/h2, using=xpath}]&#10;Capabilities {acceptInsecureCerts: false, browserName: MicrosoftEdge, browserVersion: 124.0.2478.97, fedcm:accounts: true, ms:edgeOptions: {debuggerAddress: localhost:65018}, msedge: {msedgedriverVersion: 124.0.2478.109 (86e86c0432b..., userDataDir: C:\Users\Yadira\AppData\Loc...}, networkConnectionEnabled: false, pageLoadStrategy: normal, platformName: windows, proxy: Proxy(), se:cdp: ws://localhost:65018/devtoo..., se:cdpVersion: 124.0.2478.97, setWindowRect: true, strictFileInteractability: false, timeouts: {implicit: 0, pageLoad: 300000, script: 30000}, unhandledPromptBehavior: dismiss and notify, webauthn:extension:credBlob: true, webauthn:extension:largeBlob: true, webauthn:extension:minPinLength: true, webauthn:extension:prf: true, webauthn:virtualAuthenticators: true}&#10;Session ID: b830a51cebe968452cbb76b074451ef5" type="org.openqa.selenium.NoSuchElementException">org.openqa.selenium.NoSuchElementException: 
no such element: Unable to locate element: {"method":"xpath","selector":"//*[@id="main"]/div/div/div/div/div[2]/div[1]/h2"}
  (Session info: MicrosoftEdge=124.0.2478.97)
For documentation on this error, please visit: https://www.selenium.dev/documentation/webdriver/troubleshooting/errors#no-such-element-exception
Build info: version: '4.20.0', revision: '866c76ca80'
System info: os.name: 'Windows 11', os.arch: 'amd64', os.version: '10.0', java.version: '11.0.22'
Driver info: org.openqa.selenium.edge.EdgeDriver
Command: [b830a51cebe968452cbb76b074451ef5, findElement {value=//*[@id="main"]/div/div/div/div/div[2]/div[1]/h2, using=xpath}]
Capabilities {acceptInsecureCerts: false, browserName: MicrosoftEdge, browserVersion: 124.0.2478.97, fedcm:accounts: true, ms:edgeOptions: {debuggerAddress: localhost:65018}, msedge: {msedgedriverVersion: 124.0.2478.109 (86e86c0432b..., userDataDir: C:\Users\Yadira\AppData\Loc...}, networkConnectionEnabled: false, pageLoadStrategy: normal, platformName: windows, proxy: Proxy(), se:cdp: ws://localhost:65018/devtoo..., se:cdpVersion: 124.0.2478.97, setWindowRect: true, strictFileInteractability: false, timeouts: {implicit: 0, pageLoad: 300000, script: 30000}, unhandledPromptBehavior: dismiss and notify, webauthn:extension:credBlob: true, webauthn:extension:largeBlob: true, webauthn:extension:minPinLength: true, webauthn:extension:prf: true, webauthn:virtualAuthenticators: true}
Session ID: b830a51cebe968452cbb76b074451ef5
</error>
  </testcase>
</testsuite>